{
  "RSpec": {
    "coverage": {
      "/Users/apprentice/Dropbox/Patrick/all_your_base/app/models/user.rb": [
        1,
        null,
        null,
        null,
        1,
        null,
        null,
        null,
        1,
        null,
        null,
        1,
        null
      ],
      "/Users/apprentice/Dropbox/Patrick/all_your_base/app/controllers/application_controller.rb": [
        1,
        1,
        null,
        1,
        15,
        null,
        null
      ],
      "/Users/apprentice/Dropbox/Patrick/all_your_base/app/helpers/application_helper.rb": [
        1,
        null
      ],
      "/Users/apprentice/Dropbox/Patrick/all_your_base/app/controllers/projects_controller.rb": [
        1,
        1,
        null,
        1,
        19,
        null,
        null,
        1,
        7,
        7,
        null,
        null,
        1,
        3,
        3,
        3,
        null,
        null,
        1,
        1,
        31,
        2,
        null,
        null,
        null
      ],
      "/Users/apprentice/Dropbox/Patrick/all_your_base/app/models/project.rb": [
        1,
        1,
        1,
        null,
        1,
        null
      ],
      "/Users/apprentice/Dropbox/Patrick/all_your_base/app/controllers/temp_controller.rb": [
        1,
        1,
        null,
        null
      ]
    },
    "timestamp": 1343866281
  }
}
