{
  "RSpec": {
    "coverage": {
      "/Users/apprentice/Dropbox/Patrick/all_your_base/app/models/user.rb": [
        1,
        null,
        null,
        null,
        1,
        null,
        null,
        null,
        1,
        null,
        null,
        1,
        null,
        null,
        1,
        1,
        null
      ],
      "/Users/apprentice/Dropbox/Patrick/all_your_base/app/controllers/application_controller.rb": [
        1,
        1,
        null,
        1,
        29,
        null,
        null
      ],
      "/Users/apprentice/Dropbox/Patrick/all_your_base/app/helpers/application_helper.rb": [
        1,
        null
      ],
      "/Users/apprentice/Dropbox/Patrick/all_your_base/app/controllers/projects_controller.rb": [
        1,
        1,
        null,
        1,
        36,
        null,
        null,
        1,
        7,
        7,
        null,
        null,
        1,
        3,
        3,
        3,
        null,
        null,
        1,
        7,
        7,
        null,
        null,
        1,
        1,
        57,
        4,
        null,
        null,
        null,
        1,
        7,
        1,
        1,
        null,
        null,
        null
      ],
      "/Users/apprentice/Dropbox/Patrick/all_your_base/app/models/project.rb": [
        1,
        1,
        1,
        null,
        1,
        1,
        null
      ],
      "/Users/apprentice/Dropbox/Patrick/all_your_base/app/controllers/tasks_controller.rb": [
        1,
        null,
        1,
        7,
        7,
        null,
        null,
        1,
        5,
        5,
        5,
        5,
        null,
        null,
        null
      ],
      "/Users/apprentice/Dropbox/Patrick/all_your_base/app/models/task.rb": [
        1,
        1,
        null,
        1,
        1,
        null,
        null,
        1,
        null,
        1,
        null,
        1,
        12,
        null,
        null,
        null
      ],
      "/Users/apprentice/Dropbox/Patrick/all_your_base/app/controllers/temp_controller.rb": [
        1,
        1,
        null,
        null
      ],
      "/Users/apprentice/Dropbox/Patrick/all_your_base/app/controllers/todos_controller.rb": [
        1,
        1,
        null,
        1,
        11,
        null,
        null,
        1,
        4,
        4,
        null,
        null,
        1,
        2,
        2,
        2,
        2,
        null,
        null,
        1,
        1,
        18,
        1,
        null,
        null,
        null
      ],
      "/Users/apprentice/Dropbox/Patrick/all_your_base/app/models/todo.rb": [
        1,
        1,
        null,
        1,
        1,
        null,
        1,
        1,
        1,
        null,
        1,
        1,
        25,
        2,
        null,
        null,
        null,
        null
      ]
    },
    "timestamp": 1343946719
  }
}
